<?xml version="1.0" encoding="UTF-8"?>
<testng-results skipped="0" failed="0" ignored="0" total="1" passed="1">
  <reporter-output>
  </reporter-output>
  <suite name="Test_Script" duration-ms="6673" started-at="2017-01-06T18:06:57Z" finished-at="2017-01-06T18:07:04Z">
    <groups>
    </groups>
    <test name="Command line test" duration-ms="6673" started-at="2017-01-06T18:06:57Z" finished-at="2017-01-06T18:07:04Z">
      <class name="Test_Script">
        <test-method status="PASS" signature="init()[pri:0, instance:Test_Script@35fb3008]" name="init" is-config="true" duration-ms="3536" started-at="2017-01-06T13:06:57Z" finished-at="2017-01-06T13:07:01Z">
          <reporter-output>
          </reporter-output>
        </test-method> <!-- init -->
        <test-method status="PASS" signature="script()[pri:0, instance:Test_Script@35fb3008]" name="script" duration-ms="2991" started-at="2017-01-06T13:07:01Z" finished-at="2017-01-06T13:07:04Z">
          <reporter-output>
          </reporter-output>
        </test-method> <!-- script -->
        <test-method status="PASS" signature="cleanup()[pri:0, instance:Test_Script@35fb3008]" name="cleanup" is-config="true" duration-ms="117" started-at="2017-01-06T13:07:04Z" finished-at="2017-01-06T13:07:04Z">
          <reporter-output>
          </reporter-output>
        </test-method> <!-- cleanup -->
      </class> <!-- Test_Script -->
    </test> <!-- Command line test -->
  </suite> <!-- Test_Script -->
</testng-results>
