<?xml version="1.0" encoding="UTF-8"?>
<testng-results skipped="0" failed="0" ignored="0" total="1" passed="1">
  <reporter-output>
  </reporter-output>
  <suite name="Default suite" duration-ms="29198" started-at="2016-12-13T20:51:07Z" finished-at="2016-12-13T20:51:36Z">
    <groups>
    </groups>
    <test name="Default test" duration-ms="29198" started-at="2016-12-13T20:51:07Z" finished-at="2016-12-13T20:51:36Z">
      <class name="Scripts_Test">
        <test-method status="PASS" signature="init()[pri:0, instance:Scripts_Test@1afd44cb]" name="init" is-config="true" duration-ms="2894" started-at="2016-12-13T15:51:07Z" finished-at="2016-12-13T15:51:10Z">
          <reporter-output>
          </reporter-output>
        </test-method> <!-- init -->
        <test-method status="PASS" signature="script()[pri:0, instance:Scripts_Test@1afd44cb]" name="script" duration-ms="26144" started-at="2016-12-13T15:51:10Z" finished-at="2016-12-13T15:51:36Z">
          <reporter-output>
          </reporter-output>
        </test-method> <!-- script -->
        <test-method status="PASS" signature="cleanup()[pri:0, instance:Scripts_Test@1afd44cb]" name="cleanup" is-config="true" duration-ms="107" started-at="2016-12-13T15:51:36Z" finished-at="2016-12-13T15:51:36Z">
          <reporter-output>
          </reporter-output>
        </test-method> <!-- cleanup -->
      </class> <!-- Scripts_Test -->
    </test> <!-- Default test -->
  </suite> <!-- Default suite -->
</testng-results>
